   Compiling quicklendx-contracts v0.1.0 (/home/lawless-pad/Documents/drips/quicklendx-protocol/quicklendx-contracts)
warning: unused imports: `Address` and `String`
 --> src/defaults.rs:6:19
  |
6 | use soroban_sdk::{Address, BytesN, Env, String, Vec};
  |                   ^^^^^^^               ^^^^^^
  |
  = note: `#[warn(unused_imports)]` on by default

warning: unused import: `crate::defaults::DEFAULT_GRACE_PERIOD`
  --> src/settlement.rs:11:5
   |
11 | use crate::defaults::DEFAULT_GRACE_PERIOD;
   |     ^^^^^^^^^^^^^^^^^^^^^^^^^^^^^^^^^^^^^

warning: unused import: `super::*`
 --> src/test_bid_ranking.rs:4:5
  |
4 | use super::*;
  |     ^^^^^^^^

warning: unused import: `BidStorage`
 --> src/test_bid_ranking.rs:5:34
  |
5 | use crate::bid::{Bid, BidStatus, BidStorage};
  |                                  ^^^^^^^^^^

warning: unused import: `IntoVal`
 --> src/test_init.rs:6:33
  |
6 | use soroban_sdk::{Address, Env, IntoVal, Vec};
  |                                 ^^^^^^^

warning: unused imports: `BusinessVerificationStatus`, `BusinessVerificationStorage`, `Invoice`, `QuickLendXError`, and `protocol_limits::ProtocolLimitsContract`
 --> src/test_max_invoices_per_business.rs:4:15
  |
4 |     invoice::{Invoice, InvoiceCategory, InvoiceStatus, InvoiceStorage},
  |               ^^^^^^^
5 |     protocol_limits::ProtocolLimitsContract,
  |     ^^^^^^^^^^^^^^^^^^^^^^^^^^^^^^^^^^^^^^^
6 |     verification::{BusinessVerificationStatus, BusinessVerificationStorage},
  |                    ^^^^^^^^^^^^^^^^^^^^^^^^^^  ^^^^^^^^^^^^^^^^^^^^^^^^^^^
7 |     QuickLendXContract, QuickLendXContractClient, QuickLendXError,
  |                                                   ^^^^^^^^^^^^^^^

warning: unused import: `Ledger`
  --> src/test_max_invoices_per_business.rs:11:31
   |
11 |     testutils::{Address as _, Ledger},
   |                               ^^^^^^

warning: unused imports: `PlatformFeeConfig` and `PlatformFee`
  --> src/test_storage.rs:18:22
   |
18 | use crate::profits::{PlatformFee, PlatformFeeConfig};
   |                      ^^^^^^^^^^^  ^^^^^^^^^^^^^^^^^

warning: unused import: `ConfigStorage`
  --> src/test_storage.rs:20:17
   |
20 |     BidStorage, ConfigStorage, Indexes, InvestmentStorage, InvoiceStorage, StorageKeys,
   |                 ^^^^^^^^^^^^^

warning: unused import: `BytesN`
 --> src/test_investment_consistency.rs:3:53
  |
3 | use soroban_sdk::{testutils::Address as _, Address, BytesN, Env, String, Vec};
  |                                                     ^^^^^^

warning: unused import: `crate::investment::InvestmentStatus`
 --> src/test_investment_consistency.rs:4:5
  |
4 | use crate::investment::InvestmentStatus;
  |     ^^^^^^^^^^^^^^^^^^^^^^^^^^^^^^^^^^^

warning: unused import: `BytesN`
 --> src/test_string_limits.rs:8:53
  |
8 | use soroban_sdk::{testutils::Address as _, Address, BytesN, Env, String, Vec};
  |                                                     ^^^^^^

warning: unused import: `InvoiceRating`
  --> src/test_types.rs:24:48
   |
24 |     Invoice, InvoiceCategory, InvoiceMetadata, InvoiceRating, InvoiceStatus, LineItemRecord,
   |                                                ^^^^^^^^^^^^^

warning: unused imports: `emit_invoice_category_updated`, `emit_invoice_tag_added`, `emit_invoice_tag_removed`, `emit_platform_fee_config_updated`, and `emit_treasury_configured`
  --> src/lib.rs:77:53
   |
77 |     emit_investor_verified, emit_invoice_cancelled, emit_invoice_category_updated,
   |                                                     ^^^^^^^^^^^^^^^^^^^^^^^^^^^^^
78 |     emit_invoice_metadata_cleared, emit_invoice_metadata_updated, emit_invoice_tag_added,
   |                                                                   ^^^^^^^^^^^^^^^^^^^^^^
79 |     emit_invoice_tag_removed, emit_invoice_uploaded, emit_invoice_verified,
   |     ^^^^^^^^^^^^^^^^^^^^^^^^
80 |     emit_platform_fee_config_updated, emit_treasury_configured,
   |     ^^^^^^^^^^^^^^^^^^^^^^^^^^^^^^^^  ^^^^^^^^^^^^^^^^^^^^^^^^

warning: use of deprecated method `soroban_sdk::events::Events::publish`: use the #[contractevent] macro on a contract event type
   --> src/admin.rs:168:18
    |
168 |     env.events().publish(
    |                  ^^^^^^^
    |
    = note: `#[warn(deprecated)]` on by default

warning: use of deprecated method `soroban_sdk::events::Events::publish`: use the #[contractevent] macro on a contract event type
   --> src/admin.rs:176:18
    |
176 |     env.events().publish(
    |                  ^^^^^^^

warning: use of deprecated method `soroban_sdk::events::Events::publish`: use the #[contractevent] macro on a contract event type
  --> src/emergency.rs:66:22
   |
66 |         env.events().publish(
   |                      ^^^^^^^

warning: use of deprecated method `soroban_sdk::events::Events::publish`: use the #[contractevent] macro on a contract event type
   --> src/emergency.rs:108:22
    |
108 |         env.events().publish(
    |                      ^^^^^^^

warning: use of deprecated method `soroban_sdk::events::Events::publish`: use the #[contractevent] macro on a contract event type
   --> src/emergency.rs:143:22
    |
143 |         env.events().publish(
    |                      ^^^^^^^

warning: use of deprecated method `soroban_sdk::events::Events::publish`: use the #[contractevent] macro on a contract event type
  --> src/events.rs:29:18
   |
29 |     env.events().publish(
   |                  ^^^^^^^

warning: use of deprecated method `soroban_sdk::events::Events::publish`: use the #[contractevent] macro on a contract event type
  --> src/events.rs:43:18
   |
43 |     env.events().publish(
   |                  ^^^^^^^

warning: use of deprecated method `soroban_sdk::events::Events::publish`: use the #[contractevent] macro on a contract event type
  --> src/events.rs:54:18
   |
54 |     env.events().publish(
   |                  ^^^^^^^

warning: use of deprecated method `soroban_sdk::events::Events::publish`: use the #[contractevent] macro on a contract event type
  --> src/events.rs:70:18
   |
70 |     env.events().publish(
   |                  ^^^^^^^

warning: use of deprecated method `soroban_sdk::events::Events::publish`: use the #[contractevent] macro on a contract event type
  --> src/events.rs:83:18
   |
83 |     env.events().publish(
   |                  ^^^^^^^

warning: use of deprecated method `soroban_sdk::events::Events::publish`: use the #[contractevent] macro on a contract event type
  --> src/events.rs:90:18
   |
90 |     env.events().publish(
   |                  ^^^^^^^

warning: use of deprecated method `soroban_sdk::events::Events::publish`: use the #[contractevent] macro on a contract event type
   --> src/events.rs:106:18
    |
106 |     env.events().publish(
    |                  ^^^^^^^

warning: use of deprecated method `soroban_sdk::events::Events::publish`: use the #[contractevent] macro on a contract event type
   --> src/events.rs:130:18
    |
130 |     env.events().publish(
    |                  ^^^^^^^

warning: use of deprecated method `soroban_sdk::events::Events::publish`: use the #[contractevent] macro on a contract event type
   --> src/events.rs:144:18
    |
144 |     env.events().publish(
    |                  ^^^^^^^

warning: use of deprecated method `soroban_sdk::events::Events::publish`: use the #[contractevent] macro on a contract event type
   --> src/events.rs:155:18
    |
155 |     env.events().publish(
    |                  ^^^^^^^

warning: use of deprecated method `soroban_sdk::events::Events::publish`: use the #[contractevent] macro on a contract event type
   --> src/events.rs:179:18
    |
179 |     env.events().publish(
    |                  ^^^^^^^

warning: use of deprecated method `soroban_sdk::events::Events::publish`: use the #[contractevent] macro on a contract event type
   --> src/events.rs:199:18
    |
199 |     env.events().publish(
    |                  ^^^^^^^

warning: use of deprecated method `soroban_sdk::events::Events::publish`: use the #[contractevent] macro on a contract event type
   --> src/events.rs:212:18
    |
212 |     env.events().publish(
    |                  ^^^^^^^

warning: use of deprecated method `soroban_sdk::events::Events::publish`: use the #[contractevent] macro on a contract event type
   --> src/events.rs:224:18
    |
224 |     env.events().publish(
    |                  ^^^^^^^

warning: use of deprecated method `soroban_sdk::events::Events::publish`: use the #[contractevent] macro on a contract event type
   --> src/events.rs:232:18
    |
232 |     env.events().publish(
    |                  ^^^^^^^

warning: use of deprecated method `soroban_sdk::events::Events::publish`: use the #[contractevent] macro on a contract event type
   --> src/events.rs:252:18
    |
252 |     env.events().publish(
    |                  ^^^^^^^

warning: use of deprecated method `soroban_sdk::events::Events::publish`: use the #[contractevent] macro on a contract event type
   --> src/events.rs:271:18
    |
271 |     env.events().publish(
    |                  ^^^^^^^

warning: use of deprecated method `soroban_sdk::events::Events::publish`: use the #[contractevent] macro on a contract event type
   --> src/events.rs:283:18
    |
283 |     env.events().publish(
    |                  ^^^^^^^

warning: use of deprecated method `soroban_sdk::events::Events::publish`: use the #[contractevent] macro on a contract event type
   --> src/events.rs:297:18
    |
297 |     env.events().publish(
    |                  ^^^^^^^

warning: use of deprecated method `soroban_sdk::events::Events::publish`: use the #[contractevent] macro on a contract event type
   --> src/events.rs:313:18
    |
313 |     env.events().publish(
    |                  ^^^^^^^

warning: use of deprecated method `soroban_sdk::events::Events::publish`: use the #[contractevent] macro on a contract event type
   --> src/events.rs:327:18
    |
327 |     env.events().publish(
    |                  ^^^^^^^

warning: use of deprecated method `soroban_sdk::events::Events::publish`: use the #[contractevent] macro on a contract event type
   --> src/events.rs:343:18
    |
343 |     env.events().publish(
    |                  ^^^^^^^

warning: use of deprecated method `soroban_sdk::events::Events::publish`: use the #[contractevent] macro on a contract event type
   --> src/events.rs:351:18
    |
351 |     env.events().publish(
    |                  ^^^^^^^

warning: use of deprecated method `soroban_sdk::events::Events::publish`: use the #[contractevent] macro on a contract event type
   --> src/events.rs:359:18
    |
359 |     env.events().publish(
    |                  ^^^^^^^

warning: use of deprecated method `soroban_sdk::events::Events::publish`: use the #[contractevent] macro on a contract event type
   --> src/events.rs:367:18
    |
367 |     env.events().publish(
    |                  ^^^^^^^

warning: use of deprecated method `soroban_sdk::events::Events::publish`: use the #[contractevent] macro on a contract event type
   --> src/events.rs:380:18
    |
380 |     env.events().publish(
    |                  ^^^^^^^

warning: use of deprecated method `soroban_sdk::events::Events::publish`: use the #[contractevent] macro on a contract event type
   --> src/events.rs:393:18
    |
393 |     env.events().publish(
    |                  ^^^^^^^

warning: use of deprecated method `soroban_sdk::events::Events::publish`: use the #[contractevent] macro on a contract event type
   --> src/events.rs:401:18
    |
401 |     env.events().publish(
    |                  ^^^^^^^

warning: use of deprecated method `soroban_sdk::events::Events::publish`: use the #[contractevent] macro on a contract event type
   --> src/events.rs:410:10
    |
410 |         .publish((symbol_short!("aud_qry"),), (query_type, result_count));
    |          ^^^^^^^

warning: use of deprecated method `soroban_sdk::events::Events::publish`: use the #[contractevent] macro on a contract event type
   --> src/events.rs:421:18
    |
421 |     env.events().publish(
    |                  ^^^^^^^

warning: use of deprecated method `soroban_sdk::events::Events::publish`: use the #[contractevent] macro on a contract event type
   --> src/events.rs:439:18
    |
439 |     env.events().publish(
    |                  ^^^^^^^

warning: use of deprecated method `soroban_sdk::events::Events::publish`: use the #[contractevent] macro on a contract event type
   --> src/events.rs:452:18
    |
452 |     env.events().publish(
    |                  ^^^^^^^

warning: use of deprecated method `soroban_sdk::events::Events::publish`: use the #[contractevent] macro on a contract event type
   --> src/events.rs:465:18
    |
465 |     env.events().publish(
    |                  ^^^^^^^

warning: use of deprecated method `soroban_sdk::events::Events::publish`: use the #[contractevent] macro on a contract event type
   --> src/events.rs:478:18
    |
478 |     env.events().publish(
    |                  ^^^^^^^

warning: use of deprecated method `soroban_sdk::events::Events::publish`: use the #[contractevent] macro on a contract event type
   --> src/events.rs:495:18
    |
495 |     env.events().publish(
    |                  ^^^^^^^

warning: use of deprecated method `soroban_sdk::events::Events::publish`: use the #[contractevent] macro on a contract event type
   --> src/events.rs:507:18
    |
507 |     env.events().publish(
    |                  ^^^^^^^

warning: use of deprecated method `soroban_sdk::events::Events::publish`: use the #[contractevent] macro on a contract event type
   --> src/events.rs:525:18
    |
525 |     env.events().publish(
    |                  ^^^^^^^

warning: use of deprecated method `soroban_sdk::events::Events::publish`: use the #[contractevent] macro on a contract event type
   --> src/events.rs:538:18
    |
538 |     env.events().publish(
    |                  ^^^^^^^

warning: use of deprecated method `soroban_sdk::events::Events::publish`: use the #[contractevent] macro on a contract event type
   --> src/events.rs:555:18
    |
555 |     env.events().publish(
    |                  ^^^^^^^

warning: use of deprecated method `soroban_sdk::events::Events::publish`: use the #[contractevent] macro on a contract event type
   --> src/events.rs:585:18
    |
585 |     env.events().publish(
    |                  ^^^^^^^

warning: use of deprecated method `soroban_sdk::events::Events::publish`: use the #[contractevent] macro on a contract event type
   --> src/fees.rs:227:22
    |
227 |         env.events().publish((symbol_short!("fee_upd"),), fee_bps);
    |                      ^^^^^^^

warning: use of deprecated method `soroban_sdk::events::Events::publish`: use the #[contractevent] macro on a contract event type
   --> src/init.rs:264:18
    |
264 |     env.events().publish(
    |                  ^^^^^^^

warning: use of deprecated method `soroban_sdk::events::Events::publish`: use the #[contractevent] macro on a contract event type
   --> src/notifications.rs:264:22
    |
264 |         env.events().publish(
    |                      ^^^^^^^

warning: use of deprecated method `soroban_sdk::events::Events::publish`: use the #[contractevent] macro on a contract event type
   --> src/notifications.rs:311:22
    |
311 |         env.events().publish(
    |                      ^^^^^^^

warning: use of deprecated method `soroban_sdk::events::Events::publish`: use the #[contractevent] macro on a contract event type
   --> src/notifications.rs:348:14
    |
348 |             .publish((symbol_short!("pref_up"),), (user.clone(),));
    |              ^^^^^^^

warning: use of deprecated method `soroban_sdk::events::Events::publish`: use the #[contractevent] macro on a contract event type
   --> src/settlement.rs:461:18
    |
461 |     env.events().publish(
    |                  ^^^^^^^

warning: use of deprecated method `soroban_sdk::events::Events::publish`: use the #[contractevent] macro on a contract event type
   --> src/settlement.rs:479:18
    |
479 |     env.events().publish(
    |                  ^^^^^^^

error[E0061]: this method takes 2 arguments but 1 argument was supplied
   --> src/test_max_invoices_per_business.rs:39:12
    |
39  |     client.add_currency(&currency);
    |            ^^^^^^^^^^^^----------- argument #2 of type `&soroban_sdk::Address` is missing
    |
note: method defined here
   --> src/lib.rs:209:12
    |
209 |     pub fn add_currency(
    |            ^^^^^^^^^^^^
...
212 |         currency: Address,
    |         -----------------
help: provide the argument
    |
39  |     client.add_currency(&currency, /* &soroban_sdk::Address */);
    |                                  +++++++++++++++++++++++++++++

error[E0061]: this function takes 3 arguments but 2 arguments were supplied
   --> src/test_max_invoices_per_business.rs:42:5
    |
42  |     crate::verification::verify_business(&env, &business);
    |     ^^^^^^^^^^^^^^^^^^^^^^^^^^^^^^^^^^^^----------------- argument #3 of type `&soroban_sdk::Address` is missing
    |
note: function defined here
   --> src/verification.rs:571:8
    |
571 | pub fn verify_business(
    |        ^^^^^^^^^^^^^^^
...
574 |     business: &Address,
    |     ------------------
help: provide the argument
    |
42  |     crate::verification::verify_business(&env, &business, /* &soroban_sdk::Address */);
    |                                                         +++++++++++++++++++++++++++++

error[E0599]: no method named `get_protocol_limits` found for struct `QuickLendXContractClient` in the current scope
   --> src/test_max_invoices_per_business.rs:310:25
    |
310 |     let limits = client.get_protocol_limits();
    |                         ^^^^^^^^^^^^^^^^^^^
    |
   ::: src/lib.rs:99:1
    |
99  | #[contract]
    | ----------- method `get_protocol_limits` not found for this struct
    |
help: there is a method `set_protocol_limits` with a similar name, but with different arguments
   --> src/lib.rs:110:1
    |
110 | #[contractimpl]
    | ^^^^^^^^^^^^^^^
    = note: this error originates in the attribute macro `soroban_sdk::contractclient` (in Nightly builds, run with -Z macro-backtrace for more info)

error[E0599]: no method named `is_ok` found for struct `soroban_sdk::BytesN` in the current scope
   --> src/test_max_invoices_per_business.rs:323:20
    |
323 |     assert!(result.is_ok(), "3rd invoice should succeed with limit of 5");
    |                    ^^^^^ method not found in `BytesN<32>`
    |
note: there's an earlier shadowed binding `result` of type `core::result::Result<core::result::Result<soroban_sdk::BytesN<32>, soroban_sdk::ConversionError>, core::result::Result<errors::QuickLendXError, InvokeError>>` that has method `is_ok` available
   --> src/test_max_invoices_per_business.rs:294:9
    |
294 |     let result = client.try_upload_invoice(
    |         ^^^^^^ `result` of type `core::result::Result<core::result::Result<soroban_sdk::BytesN<32>, soroban_sdk::ConversionError>, core::result::Result<errors::QuickLendXError, InvokeError>>` that has method `is_ok` defined earlier here
...
314 |     let result = client.upload_invoice(
    |         ------ earlier `result` shadowed here with type `soroban_sdk::BytesN`

error[E0599]: no method named `is_ok` found for struct `soroban_sdk::BytesN` in the current scope
   --> src/test_max_invoices_per_business.rs:381:20
    |
381 |             result.is_ok(),
    |                    ^^^^^ method not found in `BytesN<32>`

error[E0061]: this function takes 3 arguments but 2 arguments were supplied
   --> src/test_max_invoices_per_business.rs:401:5
    |
401 |     crate::verification::verify_business(&env, &business2);
    |     ^^^^^^^^^^^^^^^^^^^^^^^^^^^^^^^^^^^^------------------ argument #3 of type `&soroban_sdk::Address` is missing
    |
note: function defined here
   --> src/verification.rs:571:8
    |
571 | pub fn verify_business(
    |        ^^^^^^^^^^^^^^^
...
574 |     business: &Address,
    |     ------------------
help: provide the argument
    |
401 |     crate::verification::verify_business(&env, &business2, /* &soroban_sdk::Address */);
    |                                                          +++++++++++++++++++++++++++++

error[E0599]: no method named `unwrap` found for struct `soroban_sdk::BytesN` in the current scope
   --> src/test_max_invoices_per_business.rs:430:10
    |
420 | /     client
421 | |         .upload_invoice(
422 | |             &business1,
423 | |             &amount,
...   |
430 | |         .unwrap();
    | |         -^^^^^^ method not found in `BytesN<32>`
    | |_________|
    |

error[E0599]: no method named `unwrap` found for struct `soroban_sdk::BytesN` in the current scope
   --> src/test_max_invoices_per_business.rs:465:10
    |
455 | /     client
456 | |         .upload_invoice(
457 | |             &business2,
458 | |             &amount,
...   |
465 | |         .unwrap();
    | |         -^^^^^^ method not found in `BytesN<32>`
    | |_________|
    |

error[E0599]: no method named `is_err` found for struct `soroban_sdk::BytesN` in the current scope
   --> src/test_max_invoices_per_business.rs:566:20
    |
566 |     assert!(result.is_err(), "4th active invoice should fail");
    |                    ^^^^^^
    |
help: there is a method `iter` with a similar name
    |
566 -     assert!(result.is_err(), "4th active invoice should fail");
566 +     assert!(result.iter(), "4th active invoice should fail");
    |

error[E0599]: no method named `unwrap` found for unit type `()` in the current scope
   --> src/test_max_invoices_per_business.rs:580:10
    |
578 | /     client
579 | |         .update_limits_max_invoices(&admin, &10, &365, &86400, &5)
580 | |         .unwrap();
    | |         -^^^^^^ method not found in `()`
    | |_________|
    |

error[E0277]: a value of type `soroban_sdk::Vec<_>` cannot be built from an iterator over elements of type `soroban_sdk::BytesN<32>`
    --> src/test_max_invoices_per_business.rs:598:10
     |
598  |         .collect();
     |          ^^^^^^^ value of type `soroban_sdk::Vec<_>` cannot be built from `std::iter::Iterator<Item=soroban_sdk::BytesN<32>>`
     |
     = help: the trait `FromIterator<soroban_sdk::BytesN<32>>` is not implemented for `soroban_sdk::Vec<_>`
note: the method call chain might not have had the expected associated types
    --> src/test_max_invoices_per_business.rs:586:10
     |
585  |       let ids: Vec<_> = (0..5)
     |                         ------ this expression has type `Range<{integer}>`
586  |           .map(|_| {
     |  __________^
587  | |             client
588  | |                 .upload_invoice(
589  | |                     &business,
...    |
597  | |         })
     | |__________^ `Iterator::Item` is `BytesN<32>` here
note: required by a bound in `collect`
    --> /home/lawless-pad/.rustup/toolchains/stable-x86_64-unknown-linux-gnu/lib/rustlib/src/rust/library/core/src/iter/traits/iterator.rs:1988:19
     |
1988 |     fn collect<B: FromIterator<Self::Item>>(self) -> B
     |                   ^^^^^^^^^^^^^^^^^^^^^^^^ required by this bound in `Iterator::collect`

error[E0608]: cannot index into a value of type `soroban_sdk::Vec<_>`
   --> src/test_max_invoices_per_business.rs:603:62
    |
603 |     let mut invoice1 = InvoiceStorage::get_invoice(&env, &ids[1]).unwrap();
    |                                                              ^^^

error[E0608]: cannot index into a value of type `soroban_sdk::Vec<_>`
   --> src/test_max_invoices_per_business.rs:608:62
    |
608 |     let mut invoice2 = InvoiceStorage::get_invoice(&env, &ids[2]).unwrap();
    |                                                              ^^^

error[E0608]: cannot index into a value of type `soroban_sdk::Vec<_>`
   --> src/test_max_invoices_per_business.rs:613:62
    |
613 |     let mut invoice3 = InvoiceStorage::get_invoice(&env, &ids[3]).unwrap();
    |                                                              ^^^

error[E0608]: cannot index into a value of type `soroban_sdk::Vec<_>`
   --> src/test_max_invoices_per_business.rs:618:62
    |
618 |     let mut invoice4 = InvoiceStorage::get_invoice(&env, &ids[4]).unwrap();
    |                                                              ^^^

error[E0599]: no method named `is_err` found for struct `soroban_sdk::BytesN` in the current scope
   --> src/test_max_invoices_per_business.rs:636:20
    |
636 |     assert!(result.is_err(), "6th invoice should fail");
    |                    ^^^^^^
    |
help: there is a method `iter` with a similar name
    |
636 -     assert!(result.is_err(), "6th invoice should fail");
636 +     assert!(result.iter(), "6th invoice should fail");
    |

error[E0599]: no method named `is_err` found for struct `soroban_sdk::BytesN` in the current scope
   --> src/test_max_invoices_per_business.rs:675:20
    |
675 |     assert!(result.is_err(), "2nd invoice should fail with limit of 1");
    |                    ^^^^^^
    |
help: there is a method `iter` with a similar name
    |
675 -     assert!(result.is_err(), "2nd invoice should fail with limit of 1");
675 +     assert!(result.iter(), "2nd invoice should fail with limit of 1");
    |

error[E0599]: no method named `is_ok` found for struct `soroban_sdk::BytesN` in the current scope
   --> src/test_max_invoices_per_business.rs:691:16
    |
691 |         result.is_ok(),
    |                ^^^^^ method not found in `BytesN<32>`

warning: use of deprecated method `soroban_sdk::events::Events::publish`: use the #[contractevent] macro on a contract event type
   --> src/verification.rs:674:18
    |
674 |     env.events().publish(
    |                  ^^^^^^^

warning: use of deprecated method `soroban_sdk::events::Events::publish`: use the #[contractevent] macro on a contract event type
   --> src/verification.rs:681:18
    |
681 |     env.events().publish(
    |                  ^^^^^^^

warning: use of deprecated method `soroban_sdk::events::Events::publish`: use the #[contractevent] macro on a contract event type
   --> src/verification.rs:688:18
    |
688 |     env.events().publish(
    |                  ^^^^^^^

warning: use of deprecated method `soroban_sdk::events::Events::publish`: use the #[contractevent] macro on a contract event type
   --> src/vesting.rs:134:22
    |
134 |         env.events().publish(
    |                      ^^^^^^^

warning: use of deprecated method `soroban_sdk::events::Events::publish`: use the #[contractevent] macro on a contract event type
   --> src/vesting.rs:215:22
    |
215 |         env.events().publish(
    |                      ^^^^^^^

warning: use of deprecated method `soroban_sdk::events::Events::publish`: use the #[contractevent] macro on a contract event type
   --> src/lib.rs:359:22
    |
359 |         env.events().publish(
    |                      ^^^^^^^

warning: use of deprecated method `soroban_sdk::events::Events::publish`: use the #[contractevent] macro on a contract event type
   --> src/lib.rs:631:22
    |
631 |         env.events().publish(
    |                      ^^^^^^^

warning: unused variable: `invoice`
   --> src/defaults.rs:142:9
    |
142 |     let invoice =
    |         ^^^^^^^ help: if this is intentional, prefix it with an underscore: `_invoice`
    |
    = note: `#[warn(unused_variables)]` on by default

warning: unused variable: `admin`
   --> src/fees.rs:213:9
    |
213 |         admin: &Address,
    |         ^^^^^ help: if this is intentional, prefix it with an underscore: `_admin`

warning: variable does not need to be mutable
   --> src/storage.rs:260:13
    |
260 |         let mut ids: Vec<BytesN<32>> = env
    |             ----^^^
    |             |
    |             help: remove this `mut`
    |
    = note: `#[warn(unused_mut)]` on by default

warning: variable does not need to be mutable
   --> src/storage.rs:289:13
    |
289 |         let mut ids: Vec<BytesN<32>> = env
    |             ----^^^
    |             |
    |             help: remove this `mut`

warning: unused variable: `env`
   --> src/test_admin.rs:726:14
    |
726 |         let (env, client) = setup();
    |              ^^^ help: if this is intentional, prefix it with an underscore: `_env`

warning: unused variable: `admin`
   --> src/test_business_kyc.rs:516:23
    |
516 |     let (env, client, admin) = setup();
    |                       ^^^^^ help: if this is intentional, prefix it with an underscore: `_admin`

warning: unused variable: `verification`
   --> src/test_business_kyc.rs:524:9
    |
524 |     let verification = client.get_business_verification_status(&business);
    |         ^^^^^^^^^^^^ help: if this is intentional, prefix it with an underscore: `_verification`

warning: unused variable: `result`
   --> src/test_cancel_refund.rs:551:9
    |
551 |     let result = client.try_cancel_invoice(&invoice_id);
    |         ^^^^^^ help: if this is intentional, prefix it with an underscore: `_result`

warning: unused variable: `result`
   --> src/test_cancel_refund.rs:574:9
    |
574 |     let result = client.try_cancel_invoice(&invoice_id);
    |         ^^^^^^ help: if this is intentional, prefix it with an underscore: `_result`

warning: unused variable: `env`
   --> src/test_init.rs:163:10
    |
163 |     let (env, client) = setup();
    |          ^^^ help: if this is intentional, prefix it with an underscore: `_env`

warning: unused variable: `env`
   --> src/test_init.rs:246:10
    |
246 |     let (env, client) = setup();
    |          ^^^ help: if this is intentional, prefix it with an underscore: `_env`

warning: unused variable: `current_admin`
   --> src/test_init.rs:287:9
    |
287 |     let current_admin = client.get_current_admin().unwrap();
    |         ^^^^^^^^^^^^^ help: if this is intentional, prefix it with an underscore: `_current_admin`

warning: unused variable: `description`
  --> src/test_max_invoices_per_business.rs:68:28
   |
68 |     let (amount, due_date, description, category, tags) = create_invoice_params(&env);
   |                            ^^^^^^^^^^^ help: if this is intentional, prefix it with an underscore: `_description`

warning: unused variable: `i`
  --> src/test_max_invoices_per_business.rs:71:9
   |
71 |     for i in 0..5 {
   |         ^ help: if this is intentional, prefix it with an underscore: `_i`

warning: unused variable: `env`
   --> src/test_overflow.rs:159:10
    |
159 |     let (env, client, _admin) = setup_test();
    |          ^^^ help: if this is intentional, prefix it with an underscore: `_env`

warning: unused variable: `env`
   --> src/test_overflow.rs:293:9
    |
293 |     let env = Env::default();
    |         ^^^ help: if this is intentional, prefix it with an underscore: `_env`

warning: unused variable: `env`
   --> src/test_overflow.rs:336:10
    |
336 |     let (env, client, _admin) = setup_test();
    |          ^^^ help: if this is intentional, prefix it with an underscore: `_env`

warning: unused variable: `client`
  --> src/test_investment_consistency.rs:64:9
   |
64 |     let client = QuickLendXContractClient::new(&env, &contract_id);
   |         ^^^^^^ help: if this is intentional, prefix it with an underscore: `_client`

warning: unused variable: `env`
  --> src/test_vesting.rs:44:10
   |
44 |     let (env, client, admin, beneficiary, token_id, token_client) = setup();
   |          ^^^ help: if this is intentional, prefix it with an underscore: `_env`

warning: unused variable: `limits`
   --> src/verification.rs:499:9
    |
499 |     let limits = ProtocolLimitsContract::get_protocol_limits(env.clone());
    |         ^^^^^^ help: if this is intentional, prefix it with an underscore: `_limits`

warning: unused variable: `investment`
   --> src/lib.rs:972:13
    |
972 |         let investment = InvestmentStorage::get_investment_by_invoice(&env, &invoice_id);
    |             ^^^^^^^^^^ help: if this is intentional, prefix it with an underscore: `_investment`

warning: unused variable: `investment`
    --> src/lib.rs:1049:13
     |
1049 |         let investment = InvestmentStorage::get_investment_by_invoice(&env, &invoice_id);
     |             ^^^^^^^^^^ help: if this is intentional, prefix it with an underscore: `_investment`

warning: unused variable: `investment`
    --> src/lib.rs:1083:13
     |
1083 |         let investment = InvestmentStorage::get_investment_by_invoice(&env, &invoice_id);
     |             ^^^^^^^^^^ help: if this is intentional, prefix it with an underscore: `_investment`

Some errors have detailed explanations: E0061, E0277, E0599, E0608.
For more information about an error, try `rustc --explain E0061`.
warning: `quicklendx-contracts` (lib test) generated 96 warnings
error: could not compile `quicklendx-contracts` (lib test) due to 18 previous errors; 96 warnings emitted
